26-Jul-2025 01:10:44.390 INFO [Thread-1] org.apache.coyote.AbstractProtocol.pause Pausing ProtocolHandler ["http-nio-8080"]
26-Jul-2025 01:10:44.408 INFO [Thread-1] org.apache.catalina.core.StandardService.stopInternal Stopping service [Catalina]
26-Jul-2025 01:10:44.458 INFO [Thread-1] org.apache.coyote.AbstractProtocol.stop Stopping ProtocolHandler ["http-nio-8080"]
26-Jul-2025 01:10:44.467 INFO [Thread-1] org.apache.coyote.AbstractProtocol.destroy Destroying ProtocolHandler ["http-nio-8080"]
26-Jul-2025 01:10:51.705 INFO [main] org.apache.catalina.startup.VersionLoggerListener.log Server version name:   Apache Tomcat/10.1.43
26-Jul-2025 01:10:51.709 INFO [main] org.apache.catalina.startup.VersionLoggerListener.log Server built:          Jul 1 2025 21:30:20 UTC
26-Jul-2025 01:10:51.710 INFO [main] org.apache.catalina.startup.VersionLoggerListener.log Server version number: 10.1.43.0
26-Jul-2025 01:10:51.711 INFO [main] org.apache.catalina.startup.VersionLoggerListener.log OS Name:               Windows 11
26-Jul-2025 01:10:51.711 INFO [main] org.apache.catalina.startup.VersionLoggerListener.log OS Version:            10.0
26-Jul-2025 01:10:51.711 INFO [main] org.apache.catalina.startup.VersionLoggerListener.log Architecture:          amd64
26-Jul-2025 01:10:51.711 INFO [main] org.apache.catalina.startup.VersionLoggerListener.log Java Home:             C:\Program Files\Java\jdk-21
26-Jul-2025 01:10:51.712 INFO [main] org.apache.catalina.startup.VersionLoggerListener.log JVM Version:           21.0.6+8-LTS-188
26-Jul-2025 01:10:51.712 INFO [main] org.apache.catalina.startup.VersionLoggerListener.log JVM Vendor:            Oracle Corporation
26-Jul-2025 01:10:51.712 INFO [main] org.apache.catalina.startup.VersionLoggerListener.log CATALINA_BASE:         E:\Backend_java\Leaning_Practice\SpringCorePractice\SpringLearningPractice\SpringMVCSearch\SpringMVCSearch\src
26-Jul-2025 01:10:51.713 INFO [main] org.apache.catalina.startup.VersionLoggerListener.log CATALINA_HOME:         D:\Program Files\apache_tomcat\apache-tomcat-10.1.43
26-Jul-2025 01:10:51.725 INFO [main] org.apache.catalina.startup.VersionLoggerListener.log Command line argument: --add-opens=java.base/java.lang=ALL-UNNAMED
26-Jul-2025 01:10:51.725 INFO [main] org.apache.catalina.startup.VersionLoggerListener.log Command line argument: --add-opens=java.base/java.io=ALL-UNNAMED
26-Jul-2025 01:10:51.725 INFO [main] org.apache.catalina.startup.VersionLoggerListener.log Command line argument: --add-opens=java.base/java.util=ALL-UNNAMED
26-Jul-2025 01:10:51.725 INFO [main] org.apache.catalina.startup.VersionLoggerListener.log Command line argument: --add-opens=java.base/java.util.concurrent=ALL-UNNAMED
26-Jul-2025 01:10:51.725 INFO [main] org.apache.catalina.startup.VersionLoggerListener.log Command line argument: --add-opens=java.rmi/sun.rmi.transport=ALL-UNNAMED
26-Jul-2025 01:10:51.725 INFO [main] org.apache.catalina.startup.VersionLoggerListener.log Command line argument: -Dcatalina.home=D:\Program Files\apache_tomcat\apache-tomcat-10.1.43
26-Jul-2025 01:10:51.725 INFO [main] org.apache.catalina.startup.VersionLoggerListener.log Command line argument: -Dcatalina.base=E:\Backend_java\Leaning_Practice\SpringCorePractice\SpringLearningPractice\SpringMVCSearch\SpringMVCSearch\src
26-Jul-2025 01:10:51.725 INFO [main] org.apache.catalina.startup.VersionLoggerListener.log Command line argument: -Djava.io.tmpdir=E:\Backend_java\Leaning_Practice\SpringCorePractice\SpringLearningPractice\SpringMVCSearch\SpringMVCSearch\src\temp
26-Jul-2025 01:10:51.726 INFO [main] org.apache.catalina.startup.VersionLoggerListener.log Command line argument: -Djava.util.logging.config.file=E:\Backend_java\Leaning_Practice\SpringCorePractice\SpringLearningPractice\SpringMVCSearch\SpringMVCSearch\src\conf\logging.properties
26-Jul-2025 01:10:51.726 INFO [main] org.apache.catalina.startup.VersionLoggerListener.log Command line argument: -Djava.util.logging.manager=org.apache.juli.ClassLoaderLogManager
26-Jul-2025 01:10:51.726 INFO [main] org.apache.catalina.startup.VersionLoggerListener.log Command line argument: -javaagent:C:\Program Files\JetBrains\IntelliJ IDEA Community Edition 2025.1.3\lib\idea_rt.jar=55098
26-Jul-2025 01:10:51.726 INFO [main] org.apache.catalina.startup.VersionLoggerListener.log Command line argument: -Dfile.encoding=UTF-8
26-Jul-2025 01:10:51.726 INFO [main] org.apache.catalina.startup.VersionLoggerListener.log Command line argument: -Dsun.stdout.encoding=UTF-8
26-Jul-2025 01:10:51.726 INFO [main] org.apache.catalina.startup.VersionLoggerListener.log Command line argument: -Dsun.stderr.encoding=UTF-8
26-Jul-2025 01:10:52.098 INFO [main] org.apache.catalina.core.AprLifecycleListener.lifecycleEvent Loaded Apache Tomcat Native library [2.0.9] using APR version [1.7.6].
26-Jul-2025 01:10:52.107 INFO [main] org.apache.catalina.core.AprLifecycleListener.initializeSSL OpenSSL successfully initialized [OpenSSL 3.5.0 8 Apr 2025]
26-Jul-2025 01:10:52.396 INFO [main] org.apache.coyote.AbstractProtocol.init Initializing ProtocolHandler ["http-nio-8080"]
26-Jul-2025 01:10:52.411 INFO [main] org.apache.catalina.startup.Catalina.load Server initialization in [899] milliseconds
26-Jul-2025 01:10:52.465 INFO [main] org.apache.catalina.core.StandardService.startInternal Starting service [Catalina]
26-Jul-2025 01:10:52.465 INFO [main] org.apache.catalina.core.StandardEngine.startInternal Starting Servlet engine: [Apache Tomcat/10.1.43]
26-Jul-2025 01:10:52.481 INFO [main] org.apache.catalina.startup.HostConfig.deployDescriptor Deploying deployment descriptor [E:\Backend_java\Leaning_Practice\SpringCorePractice\SpringLearningPractice\SpringMVCSearch\SpringMVCSearch\src\conf\Catalina\localhost\SpringMVCSearch.xml]
26-Jul-2025 01:10:54.212 INFO [main] org.apache.jasper.servlet.TldScanner.scanJars At least one JAR was scanned for TLDs yet contained no TLDs. Enable debug logging for this logger for a complete list of JARs that were scanned but no TLDs were found in them. Skipping unneeded JARs during scanning can improve startup time and JSP compilation time.
26-Jul-2025 01:10:54.419 INFO [main] org.springframework.web.servlet.FrameworkServlet.initServletBean Initializing Servlet 'spring'
26-Jul-2025 01:10:55.368 INFO [main] org.springframework.web.servlet.FrameworkServlet.initServletBean Completed initialization in 948 ms
26-Jul-2025 01:10:55.381 INFO [main] org.apache.catalina.startup.HostConfig.deployDescriptor Deployment of deployment descriptor [E:\Backend_java\Leaning_Practice\SpringCorePractice\SpringLearningPractice\SpringMVCSearch\SpringMVCSearch\src\conf\Catalina\localhost\SpringMVCSearch.xml] has finished in [2,898] ms
26-Jul-2025 01:10:55.384 INFO [main] org.apache.coyote.AbstractProtocol.start Starting ProtocolHandler ["http-nio-8080"]
26-Jul-2025 01:10:55.411 INFO [main] org.apache.catalina.startup.Catalina.start Server startup in [2999] milliseconds
26-Jul-2025 01:11:45.205 WARNING [http-nio-8080-exec-3] org.springframework.web.servlet.DispatcherServlet.noHandlerFound No mapping for GET /SpringMVCSearch/%3Cc:url%20value='/'/%3E
26-Jul-2025 01:11:45.225 WARNING [http-nio-8080-exec-3] org.springframework.web.servlet.mvc.support.DefaultHandlerExceptionResolver.handleNoHandlerFoundException No endpoint GET /SpringMVCSearch/%3Cc:url%20value='/'/%3E.
26-Jul-2025 01:12:17.325 INFO [Thread-1] org.apache.coyote.AbstractProtocol.pause Pausing ProtocolHandler ["http-nio-8080"]
26-Jul-2025 01:12:17.344 INFO [Thread-1] org.apache.catalina.core.StandardService.stopInternal Stopping service [Catalina]
26-Jul-2025 01:12:17.370 INFO [Thread-1] org.apache.coyote.AbstractProtocol.stop Stopping ProtocolHandler ["http-nio-8080"]
26-Jul-2025 01:12:17.385 INFO [Thread-1] org.apache.coyote.AbstractProtocol.destroy Destroying ProtocolHandler ["http-nio-8080"]
26-Jul-2025 01:12:19.558 INFO [main] org.apache.catalina.startup.VersionLoggerListener.log Server version name:   Apache Tomcat/10.1.43
26-Jul-2025 01:12:19.563 INFO [main] org.apache.catalina.startup.VersionLoggerListener.log Server built:          Jul 1 2025 21:30:20 UTC
26-Jul-2025 01:12:19.564 INFO [main] org.apache.catalina.startup.VersionLoggerListener.log Server version number: 10.1.43.0
26-Jul-2025 01:12:19.565 INFO [main] org.apache.catalina.startup.VersionLoggerListener.log OS Name:               Windows 11
26-Jul-2025 01:12:19.565 INFO [main] org.apache.catalina.startup.VersionLoggerListener.log OS Version:            10.0
26-Jul-2025 01:12:19.565 INFO [main] org.apache.catalina.startup.VersionLoggerListener.log Architecture:          amd64
26-Jul-2025 01:12:19.566 INFO [main] org.apache.catalina.startup.VersionLoggerListener.log Java Home:             C:\Program Files\Java\jdk-21
26-Jul-2025 01:12:19.566 INFO [main] org.apache.catalina.startup.VersionLoggerListener.log JVM Version:           21.0.6+8-LTS-188
26-Jul-2025 01:12:19.566 INFO [main] org.apache.catalina.startup.VersionLoggerListener.log JVM Vendor:            Oracle Corporation
26-Jul-2025 01:12:19.567 INFO [main] org.apache.catalina.startup.VersionLoggerListener.log CATALINA_BASE:         E:\Backend_java\Leaning_Practice\SpringCorePractice\SpringLearningPractice\SpringMVCSearch\SpringMVCSearch\src
26-Jul-2025 01:12:19.567 INFO [main] org.apache.catalina.startup.VersionLoggerListener.log CATALINA_HOME:         D:\Program Files\apache_tomcat\apache-tomcat-10.1.43
26-Jul-2025 01:12:19.579 INFO [main] org.apache.catalina.startup.VersionLoggerListener.log Command line argument: --add-opens=java.base/java.lang=ALL-UNNAMED
26-Jul-2025 01:12:19.579 INFO [main] org.apache.catalina.startup.VersionLoggerListener.log Command line argument: --add-opens=java.base/java.io=ALL-UNNAMED
26-Jul-2025 01:12:19.580 INFO [main] org.apache.catalina.startup.VersionLoggerListener.log Command line argument: --add-opens=java.base/java.util=ALL-UNNAMED
26-Jul-2025 01:12:19.580 INFO [main] org.apache.catalina.startup.VersionLoggerListener.log Command line argument: --add-opens=java.base/java.util.concurrent=ALL-UNNAMED
26-Jul-2025 01:12:19.580 INFO [main] org.apache.catalina.startup.VersionLoggerListener.log Command line argument: --add-opens=java.rmi/sun.rmi.transport=ALL-UNNAMED
26-Jul-2025 01:12:19.580 INFO [main] org.apache.catalina.startup.VersionLoggerListener.log Command line argument: -Dcatalina.home=D:\Program Files\apache_tomcat\apache-tomcat-10.1.43
26-Jul-2025 01:12:19.580 INFO [main] org.apache.catalina.startup.VersionLoggerListener.log Command line argument: -Dcatalina.base=E:\Backend_java\Leaning_Practice\SpringCorePractice\SpringLearningPractice\SpringMVCSearch\SpringMVCSearch\src
26-Jul-2025 01:12:19.581 INFO [main] org.apache.catalina.startup.VersionLoggerListener.log Command line argument: -Djava.io.tmpdir=E:\Backend_java\Leaning_Practice\SpringCorePractice\SpringLearningPractice\SpringMVCSearch\SpringMVCSearch\src\temp
26-Jul-2025 01:12:19.581 INFO [main] org.apache.catalina.startup.VersionLoggerListener.log Command line argument: -Djava.util.logging.config.file=E:\Backend_java\Leaning_Practice\SpringCorePractice\SpringLearningPractice\SpringMVCSearch\SpringMVCSearch\src\conf\logging.properties
26-Jul-2025 01:12:19.581 INFO [main] org.apache.catalina.startup.VersionLoggerListener.log Command line argument: -Djava.util.logging.manager=org.apache.juli.ClassLoaderLogManager
26-Jul-2025 01:12:19.581 INFO [main] org.apache.catalina.startup.VersionLoggerListener.log Command line argument: -javaagent:C:\Program Files\JetBrains\IntelliJ IDEA Community Edition 2025.1.3\lib\idea_rt.jar=55137
26-Jul-2025 01:12:19.581 INFO [main] org.apache.catalina.startup.VersionLoggerListener.log Command line argument: -Dfile.encoding=UTF-8
26-Jul-2025 01:12:19.581 INFO [main] org.apache.catalina.startup.VersionLoggerListener.log Command line argument: -Dsun.stdout.encoding=UTF-8
26-Jul-2025 01:12:19.581 INFO [main] org.apache.catalina.startup.VersionLoggerListener.log Command line argument: -Dsun.stderr.encoding=UTF-8
26-Jul-2025 01:12:19.584 INFO [main] org.apache.catalina.core.AprLifecycleListener.lifecycleEvent Loaded Apache Tomcat Native library [2.0.9] using APR version [1.7.6].
26-Jul-2025 01:12:19.590 INFO [main] org.apache.catalina.core.AprLifecycleListener.initializeSSL OpenSSL successfully initialized [OpenSSL 3.5.0 8 Apr 2025]
26-Jul-2025 01:12:19.935 INFO [main] org.apache.coyote.AbstractProtocol.init Initializing ProtocolHandler ["http-nio-8080"]
26-Jul-2025 01:12:19.952 INFO [main] org.apache.catalina.startup.Catalina.load Server initialization in [617] milliseconds
26-Jul-2025 01:12:20.008 INFO [main] org.apache.catalina.core.StandardService.startInternal Starting service [Catalina]
26-Jul-2025 01:12:20.008 INFO [main] org.apache.catalina.core.StandardEngine.startInternal Starting Servlet engine: [Apache Tomcat/10.1.43]
26-Jul-2025 01:12:20.023 INFO [main] org.apache.catalina.startup.HostConfig.deployDescriptor Deploying deployment descriptor [E:\Backend_java\Leaning_Practice\SpringCorePractice\SpringLearningPractice\SpringMVCSearch\SpringMVCSearch\src\conf\Catalina\localhost\SpringMVCSearch.xml]
26-Jul-2025 01:12:21.563 INFO [main] org.apache.jasper.servlet.TldScanner.scanJars At least one JAR was scanned for TLDs yet contained no TLDs. Enable debug logging for this logger for a complete list of JARs that were scanned but no TLDs were found in them. Skipping unneeded JARs during scanning can improve startup time and JSP compilation time.
26-Jul-2025 01:12:21.789 INFO [main] org.springframework.web.servlet.FrameworkServlet.initServletBean Initializing Servlet 'spring'
26-Jul-2025 01:12:22.773 INFO [main] org.springframework.web.servlet.FrameworkServlet.initServletBean Completed initialization in 982 ms
26-Jul-2025 01:12:22.785 INFO [main] org.apache.catalina.startup.HostConfig.deployDescriptor Deployment of deployment descriptor [E:\Backend_java\Leaning_Practice\SpringCorePractice\SpringLearningPractice\SpringMVCSearch\SpringMVCSearch\src\conf\Catalina\localhost\SpringMVCSearch.xml] has finished in [2,761] ms
26-Jul-2025 01:12:22.788 INFO [main] org.apache.coyote.AbstractProtocol.start Starting ProtocolHandler ["http-nio-8080"]
26-Jul-2025 01:12:22.820 INFO [main] org.apache.catalina.startup.Catalina.start Server startup in [2865] milliseconds
26-Jul-2025 01:33:57.444 INFO [Thread-1] org.apache.coyote.AbstractProtocol.pause Pausing ProtocolHandler ["http-nio-8080"]
26-Jul-2025 01:34:00.380 INFO [Thread-1] org.apache.catalina.core.StandardService.stopInternal Stopping service [Catalina]
26-Jul-2025 01:57:25.031 INFO [main] org.apache.catalina.startup.VersionLoggerListener.log Server version name:   Apache Tomcat/10.1.43
26-Jul-2025 01:57:25.038 INFO [main] org.apache.catalina.startup.VersionLoggerListener.log Server built:          Jul 1 2025 21:30:20 UTC
26-Jul-2025 01:57:25.039 INFO [main] org.apache.catalina.startup.VersionLoggerListener.log Server version number: 10.1.43.0
26-Jul-2025 01:57:25.039 INFO [main] org.apache.catalina.startup.VersionLoggerListener.log OS Name:               Windows 11
26-Jul-2025 01:57:25.040 INFO [main] org.apache.catalina.startup.VersionLoggerListener.log OS Version:            10.0
26-Jul-2025 01:57:25.040 INFO [main] org.apache.catalina.startup.VersionLoggerListener.log Architecture:          amd64
26-Jul-2025 01:57:25.040 INFO [main] org.apache.catalina.startup.VersionLoggerListener.log Java Home:             C:\Program Files\Java\jdk-21
26-Jul-2025 01:57:25.040 INFO [main] org.apache.catalina.startup.VersionLoggerListener.log JVM Version:           21.0.6+8-LTS-188
26-Jul-2025 01:57:25.040 INFO [main] org.apache.catalina.startup.VersionLoggerListener.log JVM Vendor:            Oracle Corporation
26-Jul-2025 01:57:25.040 INFO [main] org.apache.catalina.startup.VersionLoggerListener.log CATALINA_BASE:         E:\Backend_java\Leaning_Practice\SpringCorePractice\SpringLearningPractice\SpringMVCSearch\SpringMVCSearch\src
26-Jul-2025 01:57:25.041 INFO [main] org.apache.catalina.startup.VersionLoggerListener.log CATALINA_HOME:         D:\Program Files\apache_tomcat\apache-tomcat-10.1.43
26-Jul-2025 01:57:25.052 INFO [main] org.apache.catalina.startup.VersionLoggerListener.log Command line argument: --add-opens=java.base/java.lang=ALL-UNNAMED
26-Jul-2025 01:57:25.052 INFO [main] org.apache.catalina.startup.VersionLoggerListener.log Command line argument: --add-opens=java.base/java.io=ALL-UNNAMED
26-Jul-2025 01:57:25.053 INFO [main] org.apache.catalina.startup.VersionLoggerListener.log Command line argument: --add-opens=java.base/java.util=ALL-UNNAMED
26-Jul-2025 01:57:25.053 INFO [main] org.apache.catalina.startup.VersionLoggerListener.log Command line argument: --add-opens=java.base/java.util.concurrent=ALL-UNNAMED
26-Jul-2025 01:57:25.053 INFO [main] org.apache.catalina.startup.VersionLoggerListener.log Command line argument: --add-opens=java.rmi/sun.rmi.transport=ALL-UNNAMED
26-Jul-2025 01:57:25.053 INFO [main] org.apache.catalina.startup.VersionLoggerListener.log Command line argument: -Dcatalina.home=D:\Program Files\apache_tomcat\apache-tomcat-10.1.43
26-Jul-2025 01:57:25.053 INFO [main] org.apache.catalina.startup.VersionLoggerListener.log Command line argument: -Dcatalina.base=E:\Backend_java\Leaning_Practice\SpringCorePractice\SpringLearningPractice\SpringMVCSearch\SpringMVCSearch\src
26-Jul-2025 01:57:25.053 INFO [main] org.apache.catalina.startup.VersionLoggerListener.log Command line argument: -Djava.io.tmpdir=E:\Backend_java\Leaning_Practice\SpringCorePractice\SpringLearningPractice\SpringMVCSearch\SpringMVCSearch\src\temp
26-Jul-2025 01:57:25.053 INFO [main] org.apache.catalina.startup.VersionLoggerListener.log Command line argument: -Djava.util.logging.config.file=E:\Backend_java\Leaning_Practice\SpringCorePractice\SpringLearningPractice\SpringMVCSearch\SpringMVCSearch\src\conf\logging.properties
26-Jul-2025 01:57:25.053 INFO [main] org.apache.catalina.startup.VersionLoggerListener.log Command line argument: -Djava.util.logging.manager=org.apache.juli.ClassLoaderLogManager
26-Jul-2025 01:57:25.053 INFO [main] org.apache.catalina.startup.VersionLoggerListener.log Command line argument: -javaagent:C:\Program Files\JetBrains\IntelliJ IDEA Community Edition 2025.1.3\lib\idea_rt.jar=50143
26-Jul-2025 01:57:25.054 INFO [main] org.apache.catalina.startup.VersionLoggerListener.log Command line argument: -Dfile.encoding=UTF-8
26-Jul-2025 01:57:25.054 INFO [main] org.apache.catalina.startup.VersionLoggerListener.log Command line argument: -Dsun.stdout.encoding=UTF-8
26-Jul-2025 01:57:25.054 INFO [main] org.apache.catalina.startup.VersionLoggerListener.log Command line argument: -Dsun.stderr.encoding=UTF-8
26-Jul-2025 01:57:25.334 INFO [main] org.apache.catalina.core.AprLifecycleListener.lifecycleEvent Loaded Apache Tomcat Native library [2.0.9] using APR version [1.7.6].
26-Jul-2025 01:57:25.342 INFO [main] org.apache.catalina.core.AprLifecycleListener.initializeSSL OpenSSL successfully initialized [OpenSSL 3.5.0 8 Apr 2025]
26-Jul-2025 01:57:25.732 INFO [main] org.apache.coyote.AbstractProtocol.init Initializing ProtocolHandler ["http-nio-8080"]
26-Jul-2025 01:57:25.753 INFO [main] org.apache.catalina.startup.Catalina.load Server initialization in [1013] milliseconds
26-Jul-2025 01:57:25.824 INFO [main] org.apache.catalina.core.StandardService.startInternal Starting service [Catalina]
26-Jul-2025 01:57:25.824 INFO [main] org.apache.catalina.core.StandardEngine.startInternal Starting Servlet engine: [Apache Tomcat/10.1.43]
26-Jul-2025 01:57:25.862 INFO [main] org.apache.catalina.startup.HostConfig.deployDescriptor Deploying deployment descriptor [E:\Backend_java\Leaning_Practice\SpringCorePractice\SpringLearningPractice\SpringMVCSearch\SpringMVCSearch\src\conf\Catalina\localhost\SpringMVCSearch.xml]
26-Jul-2025 01:57:28.000 INFO [main] org.apache.jasper.servlet.TldScanner.scanJars At least one JAR was scanned for TLDs yet contained no TLDs. Enable debug logging for this logger for a complete list of JARs that were scanned but no TLDs were found in them. Skipping unneeded JARs during scanning can improve startup time and JSP compilation time.
26-Jul-2025 01:57:28.299 INFO [main] org.springframework.web.servlet.FrameworkServlet.initServletBean Initializing Servlet 'spring'
26-Jul-2025 01:57:29.796 INFO [main] org.springframework.web.servlet.FrameworkServlet.initServletBean Completed initialization in 1495 ms
26-Jul-2025 01:57:29.815 INFO [main] org.apache.catalina.startup.HostConfig.deployDescriptor Deployment of deployment descriptor [E:\Backend_java\Leaning_Practice\SpringCorePractice\SpringLearningPractice\SpringMVCSearch\SpringMVCSearch\src\conf\Catalina\localhost\SpringMVCSearch.xml] has finished in [3,952] ms
26-Jul-2025 01:57:29.820 INFO [main] org.apache.coyote.AbstractProtocol.start Starting ProtocolHandler ["http-nio-8080"]
26-Jul-2025 01:57:29.858 INFO [main] org.apache.catalina.startup.Catalina.start Server startup in [4103] milliseconds
26-Jul-2025 01:58:49.932 INFO [Thread-1] org.apache.coyote.AbstractProtocol.pause Pausing ProtocolHandler ["http-nio-8080"]
26-Jul-2025 01:58:49.951 INFO [Thread-1] org.apache.catalina.core.StandardService.stopInternal Stopping service [Catalina]
26-Jul-2025 01:58:49.967 INFO [Thread-1] org.apache.coyote.AbstractProtocol.stop Stopping ProtocolHandler ["http-nio-8080"]
26-Jul-2025 01:58:49.989 INFO [Thread-1] org.apache.coyote.AbstractProtocol.destroy Destroying ProtocolHandler ["http-nio-8080"]
26-Jul-2025 01:58:53.387 INFO [main] org.apache.catalina.startup.VersionLoggerListener.log Server version name:   Apache Tomcat/10.1.43
26-Jul-2025 01:58:53.395 INFO [main] org.apache.catalina.startup.VersionLoggerListener.log Server built:          Jul 1 2025 21:30:20 UTC
26-Jul-2025 01:58:53.395 INFO [main] org.apache.catalina.startup.VersionLoggerListener.log Server version number: 10.1.43.0
26-Jul-2025 01:58:53.396 INFO [main] org.apache.catalina.startup.VersionLoggerListener.log OS Name:               Windows 11
26-Jul-2025 01:58:53.396 INFO [main] org.apache.catalina.startup.VersionLoggerListener.log OS Version:            10.0
26-Jul-2025 01:58:53.397 INFO [main] org.apache.catalina.startup.VersionLoggerListener.log Architecture:          amd64
26-Jul-2025 01:58:53.397 INFO [main] org.apache.catalina.startup.VersionLoggerListener.log Java Home:             C:\Program Files\Java\jdk-21
26-Jul-2025 01:58:53.398 INFO [main] org.apache.catalina.startup.VersionLoggerListener.log JVM Version:           21.0.6+8-LTS-188
26-Jul-2025 01:58:53.398 INFO [main] org.apache.catalina.startup.VersionLoggerListener.log JVM Vendor:            Oracle Corporation
26-Jul-2025 01:58:53.398 INFO [main] org.apache.catalina.startup.VersionLoggerListener.log CATALINA_BASE:         E:\Backend_java\Leaning_Practice\SpringCorePractice\SpringLearningPractice\SpringMVCSearch\SpringMVCSearch\src
26-Jul-2025 01:58:53.398 INFO [main] org.apache.catalina.startup.VersionLoggerListener.log CATALINA_HOME:         D:\Program Files\apache_tomcat\apache-tomcat-10.1.43
26-Jul-2025 01:58:53.415 INFO [main] org.apache.catalina.startup.VersionLoggerListener.log Command line argument: --add-opens=java.base/java.lang=ALL-UNNAMED
26-Jul-2025 01:58:53.415 INFO [main] org.apache.catalina.startup.VersionLoggerListener.log Command line argument: --add-opens=java.base/java.io=ALL-UNNAMED
26-Jul-2025 01:58:53.415 INFO [main] org.apache.catalina.startup.VersionLoggerListener.log Command line argument: --add-opens=java.base/java.util=ALL-UNNAMED
26-Jul-2025 01:58:53.415 INFO [main] org.apache.catalina.startup.VersionLoggerListener.log Command line argument: --add-opens=java.base/java.util.concurrent=ALL-UNNAMED
26-Jul-2025 01:58:53.415 INFO [main] org.apache.catalina.startup.VersionLoggerListener.log Command line argument: --add-opens=java.rmi/sun.rmi.transport=ALL-UNNAMED
26-Jul-2025 01:58:53.415 INFO [main] org.apache.catalina.startup.VersionLoggerListener.log Command line argument: -Dcatalina.home=D:\Program Files\apache_tomcat\apache-tomcat-10.1.43
26-Jul-2025 01:58:53.416 INFO [main] org.apache.catalina.startup.VersionLoggerListener.log Command line argument: -Dcatalina.base=E:\Backend_java\Leaning_Practice\SpringCorePractice\SpringLearningPractice\SpringMVCSearch\SpringMVCSearch\src
26-Jul-2025 01:58:53.416 INFO [main] org.apache.catalina.startup.VersionLoggerListener.log Command line argument: -Djava.io.tmpdir=E:\Backend_java\Leaning_Practice\SpringCorePractice\SpringLearningPractice\SpringMVCSearch\SpringMVCSearch\src\temp
26-Jul-2025 01:58:53.416 INFO [main] org.apache.catalina.startup.VersionLoggerListener.log Command line argument: -Djava.util.logging.config.file=E:\Backend_java\Leaning_Practice\SpringCorePractice\SpringLearningPractice\SpringMVCSearch\SpringMVCSearch\src\conf\logging.properties
26-Jul-2025 01:58:53.416 INFO [main] org.apache.catalina.startup.VersionLoggerListener.log Command line argument: -Djava.util.logging.manager=org.apache.juli.ClassLoaderLogManager
26-Jul-2025 01:58:53.416 INFO [main] org.apache.catalina.startup.VersionLoggerListener.log Command line argument: -javaagent:C:\Program Files\JetBrains\IntelliJ IDEA Community Edition 2025.1.3\lib\idea_rt.jar=51242
26-Jul-2025 01:58:53.417 INFO [main] org.apache.catalina.startup.VersionLoggerListener.log Command line argument: -Dfile.encoding=UTF-8
26-Jul-2025 01:58:53.417 INFO [main] org.apache.catalina.startup.VersionLoggerListener.log Command line argument: -Dsun.stdout.encoding=UTF-8
26-Jul-2025 01:58:53.417 INFO [main] org.apache.catalina.startup.VersionLoggerListener.log Command line argument: -Dsun.stderr.encoding=UTF-8
26-Jul-2025 01:58:53.420 INFO [main] org.apache.catalina.core.AprLifecycleListener.lifecycleEvent Loaded Apache Tomcat Native library [2.0.9] using APR version [1.7.6].
26-Jul-2025 01:58:53.426 INFO [main] org.apache.catalina.core.AprLifecycleListener.initializeSSL OpenSSL successfully initialized [OpenSSL 3.5.0 8 Apr 2025]
26-Jul-2025 01:58:53.824 INFO [main] org.apache.coyote.AbstractProtocol.init Initializing ProtocolHandler ["http-nio-8080"]
26-Jul-2025 01:58:53.851 INFO [main] org.apache.catalina.startup.Catalina.load Server initialization in [749] milliseconds
26-Jul-2025 01:58:53.931 INFO [main] org.apache.catalina.core.StandardService.startInternal Starting service [Catalina]
26-Jul-2025 01:58:53.932 INFO [main] org.apache.catalina.core.StandardEngine.startInternal Starting Servlet engine: [Apache Tomcat/10.1.43]
26-Jul-2025 01:58:53.948 INFO [main] org.apache.catalina.startup.HostConfig.deployDescriptor Deploying deployment descriptor [E:\Backend_java\Leaning_Practice\SpringCorePractice\SpringLearningPractice\SpringMVCSearch\SpringMVCSearch\src\conf\Catalina\localhost\SpringMVCSearch.xml]
26-Jul-2025 01:58:56.071 INFO [main] org.apache.jasper.servlet.TldScanner.scanJars At least one JAR was scanned for TLDs yet contained no TLDs. Enable debug logging for this logger for a complete list of JARs that were scanned but no TLDs were found in them. Skipping unneeded JARs during scanning can improve startup time and JSP compilation time.
26-Jul-2025 01:58:56.346 INFO [main] org.springframework.web.servlet.FrameworkServlet.initServletBean Initializing Servlet 'spring'
26-Jul-2025 01:58:57.577 INFO [main] org.springframework.web.servlet.FrameworkServlet.initServletBean Completed initialization in 1229 ms
26-Jul-2025 01:58:57.590 INFO [main] org.apache.catalina.startup.HostConfig.deployDescriptor Deployment of deployment descriptor [E:\Backend_java\Leaning_Practice\SpringCorePractice\SpringLearningPractice\SpringMVCSearch\SpringMVCSearch\src\conf\Catalina\localhost\SpringMVCSearch.xml] has finished in [3,642] ms
26-Jul-2025 01:58:57.594 INFO [main] org.apache.coyote.AbstractProtocol.start Starting ProtocolHandler ["http-nio-8080"]
26-Jul-2025 01:58:57.623 INFO [main] org.apache.catalina.startup.Catalina.start Server startup in [3769] milliseconds
26-Jul-2025 02:00:57.126 INFO [Thread-1] org.apache.coyote.AbstractProtocol.pause Pausing ProtocolHandler ["http-nio-8080"]
26-Jul-2025 02:00:57.146 INFO [Thread-1] org.apache.catalina.core.StandardService.stopInternal Stopping service [Catalina]
26-Jul-2025 02:00:57.161 INFO [Thread-1] org.apache.coyote.AbstractProtocol.stop Stopping ProtocolHandler ["http-nio-8080"]
26-Jul-2025 02:00:57.181 INFO [Thread-1] org.apache.coyote.AbstractProtocol.destroy Destroying ProtocolHandler ["http-nio-8080"]
26-Jul-2025 02:01:00.334 INFO [main] org.apache.catalina.startup.VersionLoggerListener.log Server version name:   Apache Tomcat/10.1.43
26-Jul-2025 02:01:00.341 INFO [main] org.apache.catalina.startup.VersionLoggerListener.log Server built:          Jul 1 2025 21:30:20 UTC
26-Jul-2025 02:01:00.342 INFO [main] org.apache.catalina.startup.VersionLoggerListener.log Server version number: 10.1.43.0
26-Jul-2025 02:01:00.342 INFO [main] org.apache.catalina.startup.VersionLoggerListener.log OS Name:               Windows 11
26-Jul-2025 02:01:00.343 INFO [main] org.apache.catalina.startup.VersionLoggerListener.log OS Version:            10.0
26-Jul-2025 02:01:00.343 INFO [main] org.apache.catalina.startup.VersionLoggerListener.log Architecture:          amd64
26-Jul-2025 02:01:00.343 INFO [main] org.apache.catalina.startup.VersionLoggerListener.log Java Home:             C:\Program Files\Java\jdk-21
26-Jul-2025 02:01:00.343 INFO [main] org.apache.catalina.startup.VersionLoggerListener.log JVM Version:           21.0.6+8-LTS-188
26-Jul-2025 02:01:00.343 INFO [main] org.apache.catalina.startup.VersionLoggerListener.log JVM Vendor:            Oracle Corporation
26-Jul-2025 02:01:00.343 INFO [main] org.apache.catalina.startup.VersionLoggerListener.log CATALINA_BASE:         E:\Backend_java\Leaning_Practice\SpringCorePractice\SpringLearningPractice\SpringMVCSearch\SpringMVCSearch\src
26-Jul-2025 02:01:00.344 INFO [main] org.apache.catalina.startup.VersionLoggerListener.log CATALINA_HOME:         D:\Program Files\apache_tomcat\apache-tomcat-10.1.43
26-Jul-2025 02:01:00.359 INFO [main] org.apache.catalina.startup.VersionLoggerListener.log Command line argument: --add-opens=java.base/java.lang=ALL-UNNAMED
26-Jul-2025 02:01:00.360 INFO [main] org.apache.catalina.startup.VersionLoggerListener.log Command line argument: --add-opens=java.base/java.io=ALL-UNNAMED
26-Jul-2025 02:01:00.360 INFO [main] org.apache.catalina.startup.VersionLoggerListener.log Command line argument: --add-opens=java.base/java.util=ALL-UNNAMED
26-Jul-2025 02:01:00.360 INFO [main] org.apache.catalina.startup.VersionLoggerListener.log Command line argument: --add-opens=java.base/java.util.concurrent=ALL-UNNAMED
26-Jul-2025 02:01:00.360 INFO [main] org.apache.catalina.startup.VersionLoggerListener.log Command line argument: --add-opens=java.rmi/sun.rmi.transport=ALL-UNNAMED
26-Jul-2025 02:01:00.360 INFO [main] org.apache.catalina.startup.VersionLoggerListener.log Command line argument: -Dcatalina.home=D:\Program Files\apache_tomcat\apache-tomcat-10.1.43
26-Jul-2025 02:01:00.361 INFO [main] org.apache.catalina.startup.VersionLoggerListener.log Command line argument: -Dcatalina.base=E:\Backend_java\Leaning_Practice\SpringCorePractice\SpringLearningPractice\SpringMVCSearch\SpringMVCSearch\src
26-Jul-2025 02:01:00.361 INFO [main] org.apache.catalina.startup.VersionLoggerListener.log Command line argument: -Djava.io.tmpdir=E:\Backend_java\Leaning_Practice\SpringCorePractice\SpringLearningPractice\SpringMVCSearch\SpringMVCSearch\src\temp
26-Jul-2025 02:01:00.361 INFO [main] org.apache.catalina.startup.VersionLoggerListener.log Command line argument: -Djava.util.logging.config.file=E:\Backend_java\Leaning_Practice\SpringCorePractice\SpringLearningPractice\SpringMVCSearch\SpringMVCSearch\src\conf\logging.properties
26-Jul-2025 02:01:00.361 INFO [main] org.apache.catalina.startup.VersionLoggerListener.log Command line argument: -Djava.util.logging.manager=org.apache.juli.ClassLoaderLogManager
26-Jul-2025 02:01:00.361 INFO [main] org.apache.catalina.startup.VersionLoggerListener.log Command line argument: -javaagent:C:\Program Files\JetBrains\IntelliJ IDEA Community Edition 2025.1.3\lib\idea_rt.jar=51647
26-Jul-2025 02:01:00.361 INFO [main] org.apache.catalina.startup.VersionLoggerListener.log Command line argument: -Dfile.encoding=UTF-8
26-Jul-2025 02:01:00.361 INFO [main] org.apache.catalina.startup.VersionLoggerListener.log Command line argument: -Dsun.stdout.encoding=UTF-8
26-Jul-2025 02:01:00.361 INFO [main] org.apache.catalina.startup.VersionLoggerListener.log Command line argument: -Dsun.stderr.encoding=UTF-8
26-Jul-2025 02:01:00.365 INFO [main] org.apache.catalina.core.AprLifecycleListener.lifecycleEvent Loaded Apache Tomcat Native library [2.0.9] using APR version [1.7.6].
26-Jul-2025 02:01:00.370 INFO [main] org.apache.catalina.core.AprLifecycleListener.initializeSSL OpenSSL successfully initialized [OpenSSL 3.5.0 8 Apr 2025]
26-Jul-2025 02:01:00.748 INFO [main] org.apache.coyote.AbstractProtocol.init Initializing ProtocolHandler ["http-nio-8080"]
26-Jul-2025 02:01:00.769 INFO [main] org.apache.catalina.startup.Catalina.load Server initialization in [690] milliseconds
26-Jul-2025 02:01:00.843 INFO [main] org.apache.catalina.core.StandardService.startInternal Starting service [Catalina]
26-Jul-2025 02:01:00.843 INFO [main] org.apache.catalina.core.StandardEngine.startInternal Starting Servlet engine: [Apache Tomcat/10.1.43]
26-Jul-2025 02:01:00.860 INFO [main] org.apache.catalina.startup.HostConfig.deployDescriptor Deploying deployment descriptor [E:\Backend_java\Leaning_Practice\SpringCorePractice\SpringLearningPractice\SpringMVCSearch\SpringMVCSearch\src\conf\Catalina\localhost\SpringMVCSearch.xml]
26-Jul-2025 02:01:02.914 INFO [main] org.apache.jasper.servlet.TldScanner.scanJars At least one JAR was scanned for TLDs yet contained no TLDs. Enable debug logging for this logger for a complete list of JARs that were scanned but no TLDs were found in them. Skipping unneeded JARs during scanning can improve startup time and JSP compilation time.
26-Jul-2025 02:01:03.179 INFO [main] org.springframework.web.servlet.FrameworkServlet.initServletBean Initializing Servlet 'spring'
26-Jul-2025 02:01:04.421 INFO [main] org.springframework.web.servlet.FrameworkServlet.initServletBean Completed initialization in 1239 ms
26-Jul-2025 02:01:04.437 INFO [main] org.apache.catalina.startup.HostConfig.deployDescriptor Deployment of deployment descriptor [E:\Backend_java\Leaning_Practice\SpringCorePractice\SpringLearningPractice\SpringMVCSearch\SpringMVCSearch\src\conf\Catalina\localhost\SpringMVCSearch.xml] has finished in [3,577] ms
26-Jul-2025 02:01:04.442 INFO [main] org.apache.coyote.AbstractProtocol.start Starting ProtocolHandler ["http-nio-8080"]
26-Jul-2025 02:01:04.477 INFO [main] org.apache.catalina.startup.Catalina.start Server startup in [3706] milliseconds
26-Jul-2025 02:02:04.541 INFO [Thread-1] org.apache.coyote.AbstractProtocol.pause Pausing ProtocolHandler ["http-nio-8080"]
26-Jul-2025 02:02:04.562 INFO [Thread-1] org.apache.catalina.core.StandardService.stopInternal Stopping service [Catalina]
26-Jul-2025 02:02:04.579 INFO [Thread-1] org.apache.coyote.AbstractProtocol.stop Stopping ProtocolHandler ["http-nio-8080"]
26-Jul-2025 02:02:04.597 INFO [Thread-1] org.apache.coyote.AbstractProtocol.destroy Destroying ProtocolHandler ["http-nio-8080"]
