25-Jul-2025 12:21:45.637 INFO [main] org.apache.catalina.startup.VersionLoggerListener.log Server version name:   Apache Tomcat/10.1.43
25-Jul-2025 12:21:45.642 INFO [main] org.apache.catalina.startup.VersionLoggerListener.log Server built:          Jul 1 2025 21:30:20 UTC
25-Jul-2025 12:21:45.643 INFO [main] org.apache.catalina.startup.VersionLoggerListener.log Server version number: 10.1.43.0
25-Jul-2025 12:21:45.644 INFO [main] org.apache.catalina.startup.VersionLoggerListener.log OS Name:               Windows 11
25-Jul-2025 12:21:45.644 INFO [main] org.apache.catalina.startup.VersionLoggerListener.log OS Version:            10.0
25-Jul-2025 12:21:45.645 INFO [main] org.apache.catalina.startup.VersionLoggerListener.log Architecture:          amd64
25-Jul-2025 12:21:45.645 INFO [main] org.apache.catalina.startup.VersionLoggerListener.log Java Home:             C:\Program Files\Java\jdk-21
25-Jul-2025 12:21:45.645 INFO [main] org.apache.catalina.startup.VersionLoggerListener.log JVM Version:           21.0.6+8-LTS-188
25-Jul-2025 12:21:45.645 INFO [main] org.apache.catalina.startup.VersionLoggerListener.log JVM Vendor:            Oracle Corporation
25-Jul-2025 12:21:45.646 INFO [main] org.apache.catalina.startup.VersionLoggerListener.log CATALINA_BASE:         E:\Backend_java\Leaning_Practice\SpringCorePractice\SpringLearningPractice\SpringMVCSearch\SpringMVCSearch\src
25-Jul-2025 12:21:45.646 INFO [main] org.apache.catalina.startup.VersionLoggerListener.log CATALINA_HOME:         D:\Program Files\apache_tomcat\apache-tomcat-10.1.43
25-Jul-2025 12:21:45.655 INFO [main] org.apache.catalina.startup.VersionLoggerListener.log Command line argument: --add-opens=java.base/java.lang=ALL-UNNAMED
25-Jul-2025 12:21:45.655 INFO [main] org.apache.catalina.startup.VersionLoggerListener.log Command line argument: --add-opens=java.base/java.io=ALL-UNNAMED
25-Jul-2025 12:21:45.655 INFO [main] org.apache.catalina.startup.VersionLoggerListener.log Command line argument: --add-opens=java.base/java.util=ALL-UNNAMED
25-Jul-2025 12:21:45.655 INFO [main] org.apache.catalina.startup.VersionLoggerListener.log Command line argument: --add-opens=java.base/java.util.concurrent=ALL-UNNAMED
25-Jul-2025 12:21:45.655 INFO [main] org.apache.catalina.startup.VersionLoggerListener.log Command line argument: --add-opens=java.rmi/sun.rmi.transport=ALL-UNNAMED
25-Jul-2025 12:21:45.655 INFO [main] org.apache.catalina.startup.VersionLoggerListener.log Command line argument: -Dcatalina.home=D:\Program Files\apache_tomcat\apache-tomcat-10.1.43
25-Jul-2025 12:21:45.655 INFO [main] org.apache.catalina.startup.VersionLoggerListener.log Command line argument: -Dcatalina.base=E:\Backend_java\Leaning_Practice\SpringCorePractice\SpringLearningPractice\SpringMVCSearch\SpringMVCSearch\src
25-Jul-2025 12:21:45.656 INFO [main] org.apache.catalina.startup.VersionLoggerListener.log Command line argument: -Djava.io.tmpdir=E:\Backend_java\Leaning_Practice\SpringCorePractice\SpringLearningPractice\SpringMVCSearch\SpringMVCSearch\src\temp
25-Jul-2025 12:21:45.656 INFO [main] org.apache.catalina.startup.VersionLoggerListener.log Command line argument: -Djava.util.logging.config.file=E:\Backend_java\Leaning_Practice\SpringCorePractice\SpringLearningPractice\SpringMVCSearch\SpringMVCSearch\src\conf\logging.properties
25-Jul-2025 12:21:45.656 INFO [main] org.apache.catalina.startup.VersionLoggerListener.log Command line argument: -Djava.util.logging.manager=org.apache.juli.ClassLoaderLogManager
25-Jul-2025 12:21:45.657 INFO [main] org.apache.catalina.startup.VersionLoggerListener.log Command line argument: -javaagent:C:\Program Files\JetBrains\IntelliJ IDEA Community Edition 2025.1.3\lib\idea_rt.jar=54925
25-Jul-2025 12:21:45.657 INFO [main] org.apache.catalina.startup.VersionLoggerListener.log Command line argument: -Dfile.encoding=UTF-8
25-Jul-2025 12:21:45.657 INFO [main] org.apache.catalina.startup.VersionLoggerListener.log Command line argument: -Dsun.stdout.encoding=UTF-8
25-Jul-2025 12:21:45.657 INFO [main] org.apache.catalina.startup.VersionLoggerListener.log Command line argument: -Dsun.stderr.encoding=UTF-8
25-Jul-2025 12:21:45.964 INFO [main] org.apache.catalina.core.AprLifecycleListener.lifecycleEvent Loaded Apache Tomcat Native library [2.0.9] using APR version [1.7.6].
25-Jul-2025 12:21:45.970 INFO [main] org.apache.catalina.core.AprLifecycleListener.initializeSSL OpenSSL successfully initialized [OpenSSL 3.5.0 8 Apr 2025]
25-Jul-2025 12:21:46.257 INFO [main] org.apache.coyote.AbstractProtocol.init Initializing ProtocolHandler ["http-nio-8080"]
25-Jul-2025 12:21:46.272 INFO [main] org.apache.catalina.startup.Catalina.load Server initialization in [820] milliseconds
25-Jul-2025 12:21:46.329 INFO [main] org.apache.catalina.core.StandardService.startInternal Starting service [Catalina]
25-Jul-2025 12:21:46.329 INFO [main] org.apache.catalina.core.StandardEngine.startInternal Starting Servlet engine: [Apache Tomcat/10.1.43]
25-Jul-2025 12:21:46.345 INFO [main] org.apache.catalina.startup.HostConfig.deployDescriptor Deploying deployment descriptor [E:\Backend_java\Leaning_Practice\SpringCorePractice\SpringLearningPractice\SpringMVCSearch\SpringMVCSearch\src\conf\Catalina\localhost\SpringMVCSearch.xml]
25-Jul-2025 12:21:47.924 INFO [main] org.apache.jasper.servlet.TldScanner.scanJars At least one JAR was scanned for TLDs yet contained no TLDs. Enable debug logging for this logger for a complete list of JARs that were scanned but no TLDs were found in them. Skipping unneeded JARs during scanning can improve startup time and JSP compilation time.
25-Jul-2025 12:21:48.147 INFO [main] org.springframework.web.servlet.FrameworkServlet.initServletBean Initializing Servlet 'spring'
25-Jul-2025 12:21:49.541 INFO [main] org.springframework.web.servlet.FrameworkServlet.initServletBean Completed initialization in 1391 ms
25-Jul-2025 12:21:49.569 INFO [main] org.apache.catalina.startup.HostConfig.deployDescriptor Deployment of deployment descriptor [E:\Backend_java\Leaning_Practice\SpringCorePractice\SpringLearningPractice\SpringMVCSearch\SpringMVCSearch\src\conf\Catalina\localhost\SpringMVCSearch.xml] has finished in [3,223] ms
25-Jul-2025 12:21:49.573 INFO [main] org.apache.coyote.AbstractProtocol.start Starting ProtocolHandler ["http-nio-8080"]
25-Jul-2025 12:21:49.599 INFO [main] org.apache.catalina.startup.Catalina.start Server startup in [3326] milliseconds
25-Jul-2025 12:29:03.526 INFO [Thread-1] org.apache.coyote.AbstractProtocol.pause Pausing ProtocolHandler ["http-nio-8080"]
25-Jul-2025 12:29:03.539 INFO [Thread-1] org.apache.catalina.core.StandardService.stopInternal Stopping service [Catalina]
25-Jul-2025 12:29:03.578 INFO [Thread-1] org.apache.coyote.AbstractProtocol.stop Stopping ProtocolHandler ["http-nio-8080"]
25-Jul-2025 12:29:03.603 INFO [Thread-1] org.apache.coyote.AbstractProtocol.destroy Destroying ProtocolHandler ["http-nio-8080"]
25-Jul-2025 12:29:06.565 INFO [main] org.apache.catalina.startup.VersionLoggerListener.log Server version name:   Apache Tomcat/10.1.43
25-Jul-2025 12:29:06.569 INFO [main] org.apache.catalina.startup.VersionLoggerListener.log Server built:          Jul 1 2025 21:30:20 UTC
25-Jul-2025 12:29:06.570 INFO [main] org.apache.catalina.startup.VersionLoggerListener.log Server version number: 10.1.43.0
25-Jul-2025 12:29:06.570 INFO [main] org.apache.catalina.startup.VersionLoggerListener.log OS Name:               Windows 11
25-Jul-2025 12:29:06.570 INFO [main] org.apache.catalina.startup.VersionLoggerListener.log OS Version:            10.0
25-Jul-2025 12:29:06.571 INFO [main] org.apache.catalina.startup.VersionLoggerListener.log Architecture:          amd64
25-Jul-2025 12:29:06.571 INFO [main] org.apache.catalina.startup.VersionLoggerListener.log Java Home:             C:\Program Files\Java\jdk-21
25-Jul-2025 12:29:06.571 INFO [main] org.apache.catalina.startup.VersionLoggerListener.log JVM Version:           21.0.6+8-LTS-188
25-Jul-2025 12:29:06.572 INFO [main] org.apache.catalina.startup.VersionLoggerListener.log JVM Vendor:            Oracle Corporation
25-Jul-2025 12:29:06.572 INFO [main] org.apache.catalina.startup.VersionLoggerListener.log CATALINA_BASE:         E:\Backend_java\Leaning_Practice\SpringCorePractice\SpringLearningPractice\SpringMVCSearch\SpringMVCSearch\src
25-Jul-2025 12:29:06.573 INFO [main] org.apache.catalina.startup.VersionLoggerListener.log CATALINA_HOME:         D:\Program Files\apache_tomcat\apache-tomcat-10.1.43
25-Jul-2025 12:29:06.586 INFO [main] org.apache.catalina.startup.VersionLoggerListener.log Command line argument: --add-opens=java.base/java.lang=ALL-UNNAMED
25-Jul-2025 12:29:06.586 INFO [main] org.apache.catalina.startup.VersionLoggerListener.log Command line argument: --add-opens=java.base/java.io=ALL-UNNAMED
25-Jul-2025 12:29:06.587 INFO [main] org.apache.catalina.startup.VersionLoggerListener.log Command line argument: --add-opens=java.base/java.util=ALL-UNNAMED
25-Jul-2025 12:29:06.587 INFO [main] org.apache.catalina.startup.VersionLoggerListener.log Command line argument: --add-opens=java.base/java.util.concurrent=ALL-UNNAMED
25-Jul-2025 12:29:06.587 INFO [main] org.apache.catalina.startup.VersionLoggerListener.log Command line argument: --add-opens=java.rmi/sun.rmi.transport=ALL-UNNAMED
25-Jul-2025 12:29:06.587 INFO [main] org.apache.catalina.startup.VersionLoggerListener.log Command line argument: -Dcatalina.home=D:\Program Files\apache_tomcat\apache-tomcat-10.1.43
25-Jul-2025 12:29:06.587 INFO [main] org.apache.catalina.startup.VersionLoggerListener.log Command line argument: -Dcatalina.base=E:\Backend_java\Leaning_Practice\SpringCorePractice\SpringLearningPractice\SpringMVCSearch\SpringMVCSearch\src
25-Jul-2025 12:29:06.588 INFO [main] org.apache.catalina.startup.VersionLoggerListener.log Command line argument: -Djava.io.tmpdir=E:\Backend_java\Leaning_Practice\SpringCorePractice\SpringLearningPractice\SpringMVCSearch\SpringMVCSearch\src\temp
25-Jul-2025 12:29:06.588 INFO [main] org.apache.catalina.startup.VersionLoggerListener.log Command line argument: -Djava.util.logging.config.file=E:\Backend_java\Leaning_Practice\SpringCorePractice\SpringLearningPractice\SpringMVCSearch\SpringMVCSearch\src\conf\logging.properties
25-Jul-2025 12:29:06.588 INFO [main] org.apache.catalina.startup.VersionLoggerListener.log Command line argument: -Djava.util.logging.manager=org.apache.juli.ClassLoaderLogManager
25-Jul-2025 12:29:06.589 INFO [main] org.apache.catalina.startup.VersionLoggerListener.log Command line argument: -javaagent:C:\Program Files\JetBrains\IntelliJ IDEA Community Edition 2025.1.3\lib\idea_rt.jar=55266
25-Jul-2025 12:29:06.589 INFO [main] org.apache.catalina.startup.VersionLoggerListener.log Command line argument: -Dfile.encoding=UTF-8
25-Jul-2025 12:29:06.589 INFO [main] org.apache.catalina.startup.VersionLoggerListener.log Command line argument: -Dsun.stdout.encoding=UTF-8
25-Jul-2025 12:29:06.589 INFO [main] org.apache.catalina.startup.VersionLoggerListener.log Command line argument: -Dsun.stderr.encoding=UTF-8
25-Jul-2025 12:29:06.592 INFO [main] org.apache.catalina.core.AprLifecycleListener.lifecycleEvent Loaded Apache Tomcat Native library [2.0.9] using APR version [1.7.6].
25-Jul-2025 12:29:06.598 INFO [main] org.apache.catalina.core.AprLifecycleListener.initializeSSL OpenSSL successfully initialized [OpenSSL 3.5.0 8 Apr 2025]
25-Jul-2025 12:29:06.943 INFO [main] org.apache.coyote.AbstractProtocol.init Initializing ProtocolHandler ["http-nio-8080"]
25-Jul-2025 12:29:06.962 INFO [main] org.apache.catalina.startup.Catalina.load Server initialization in [605] milliseconds
25-Jul-2025 12:29:07.027 INFO [main] org.apache.catalina.core.StandardService.startInternal Starting service [Catalina]
25-Jul-2025 12:29:07.027 INFO [main] org.apache.catalina.core.StandardEngine.startInternal Starting Servlet engine: [Apache Tomcat/10.1.43]
25-Jul-2025 12:29:07.041 INFO [main] org.apache.catalina.startup.HostConfig.deployDescriptor Deploying deployment descriptor [E:\Backend_java\Leaning_Practice\SpringCorePractice\SpringLearningPractice\SpringMVCSearch\SpringMVCSearch\src\conf\Catalina\localhost\SpringMVCSearch.xml]
25-Jul-2025 12:29:08.708 INFO [main] org.apache.jasper.servlet.TldScanner.scanJars At least one JAR was scanned for TLDs yet contained no TLDs. Enable debug logging for this logger for a complete list of JARs that were scanned but no TLDs were found in them. Skipping unneeded JARs during scanning can improve startup time and JSP compilation time.
25-Jul-2025 12:29:08.931 INFO [main] org.springframework.web.servlet.FrameworkServlet.initServletBean Initializing Servlet 'spring'
25-Jul-2025 12:29:09.898 INFO [main] org.springframework.web.servlet.FrameworkServlet.initServletBean Completed initialization in 966 ms
25-Jul-2025 12:29:09.908 INFO [main] org.apache.catalina.startup.HostConfig.deployDescriptor Deployment of deployment descriptor [E:\Backend_java\Leaning_Practice\SpringCorePractice\SpringLearningPractice\SpringMVCSearch\SpringMVCSearch\src\conf\Catalina\localhost\SpringMVCSearch.xml] has finished in [2,867] ms
25-Jul-2025 12:29:09.911 INFO [main] org.apache.coyote.AbstractProtocol.start Starting ProtocolHandler ["http-nio-8080"]
25-Jul-2025 12:29:09.934 INFO [main] org.apache.catalina.startup.Catalina.start Server startup in [2970] milliseconds
25-Jul-2025 12:29:39.046 INFO [Thread-1] org.apache.coyote.AbstractProtocol.pause Pausing ProtocolHandler ["http-nio-8080"]
25-Jul-2025 12:29:39.059 INFO [Thread-1] org.apache.catalina.core.StandardService.stopInternal Stopping service [Catalina]
25-Jul-2025 12:29:39.069 INFO [Thread-1] org.apache.coyote.AbstractProtocol.stop Stopping ProtocolHandler ["http-nio-8080"]
25-Jul-2025 12:29:39.072 INFO [Thread-1] org.apache.coyote.AbstractProtocol.destroy Destroying ProtocolHandler ["http-nio-8080"]
25-Jul-2025 12:29:40.195 INFO [main] org.apache.catalina.startup.VersionLoggerListener.log Server version name:   Apache Tomcat/10.1.43
25-Jul-2025 12:29:40.203 INFO [main] org.apache.catalina.startup.VersionLoggerListener.log Server built:          Jul 1 2025 21:30:20 UTC
25-Jul-2025 12:29:40.205 INFO [main] org.apache.catalina.startup.VersionLoggerListener.log Server version number: 10.1.43.0
25-Jul-2025 12:29:40.205 INFO [main] org.apache.catalina.startup.VersionLoggerListener.log OS Name:               Windows 11
25-Jul-2025 12:29:40.205 INFO [main] org.apache.catalina.startup.VersionLoggerListener.log OS Version:            10.0
25-Jul-2025 12:29:40.205 INFO [main] org.apache.catalina.startup.VersionLoggerListener.log Architecture:          amd64
25-Jul-2025 12:29:40.205 INFO [main] org.apache.catalina.startup.VersionLoggerListener.log Java Home:             C:\Program Files\Java\jdk-21
25-Jul-2025 12:29:40.206 INFO [main] org.apache.catalina.startup.VersionLoggerListener.log JVM Version:           21.0.6+8-LTS-188
25-Jul-2025 12:29:40.206 INFO [main] org.apache.catalina.startup.VersionLoggerListener.log JVM Vendor:            Oracle Corporation
25-Jul-2025 12:29:40.206 INFO [main] org.apache.catalina.startup.VersionLoggerListener.log CATALINA_BASE:         E:\Backend_java\Leaning_Practice\SpringCorePractice\SpringLearningPractice\SpringMVCSearch\SpringMVCSearch\src
25-Jul-2025 12:29:40.206 INFO [main] org.apache.catalina.startup.VersionLoggerListener.log CATALINA_HOME:         D:\Program Files\apache_tomcat\apache-tomcat-10.1.43
25-Jul-2025 12:29:40.222 INFO [main] org.apache.catalina.startup.VersionLoggerListener.log Command line argument: --add-opens=java.base/java.lang=ALL-UNNAMED
25-Jul-2025 12:29:40.222 INFO [main] org.apache.catalina.startup.VersionLoggerListener.log Command line argument: --add-opens=java.base/java.io=ALL-UNNAMED
25-Jul-2025 12:29:40.222 INFO [main] org.apache.catalina.startup.VersionLoggerListener.log Command line argument: --add-opens=java.base/java.util=ALL-UNNAMED
25-Jul-2025 12:29:40.223 INFO [main] org.apache.catalina.startup.VersionLoggerListener.log Command line argument: --add-opens=java.base/java.util.concurrent=ALL-UNNAMED
25-Jul-2025 12:29:40.223 INFO [main] org.apache.catalina.startup.VersionLoggerListener.log Command line argument: --add-opens=java.rmi/sun.rmi.transport=ALL-UNNAMED
25-Jul-2025 12:29:40.223 INFO [main] org.apache.catalina.startup.VersionLoggerListener.log Command line argument: -Dcatalina.home=D:\Program Files\apache_tomcat\apache-tomcat-10.1.43
25-Jul-2025 12:29:40.223 INFO [main] org.apache.catalina.startup.VersionLoggerListener.log Command line argument: -Dcatalina.base=E:\Backend_java\Leaning_Practice\SpringCorePractice\SpringLearningPractice\SpringMVCSearch\SpringMVCSearch\src
25-Jul-2025 12:29:40.223 INFO [main] org.apache.catalina.startup.VersionLoggerListener.log Command line argument: -Djava.io.tmpdir=E:\Backend_java\Leaning_Practice\SpringCorePractice\SpringLearningPractice\SpringMVCSearch\SpringMVCSearch\src\temp
25-Jul-2025 12:29:40.224 INFO [main] org.apache.catalina.startup.VersionLoggerListener.log Command line argument: -Djava.util.logging.config.file=E:\Backend_java\Leaning_Practice\SpringCorePractice\SpringLearningPractice\SpringMVCSearch\SpringMVCSearch\src\conf\logging.properties
25-Jul-2025 12:29:40.224 INFO [main] org.apache.catalina.startup.VersionLoggerListener.log Command line argument: -Djava.util.logging.manager=org.apache.juli.ClassLoaderLogManager
25-Jul-2025 12:29:40.224 INFO [main] org.apache.catalina.startup.VersionLoggerListener.log Command line argument: -javaagent:C:\Program Files\JetBrains\IntelliJ IDEA Community Edition 2025.1.3\lib\idea_rt.jar=55329
25-Jul-2025 12:29:40.224 INFO [main] org.apache.catalina.startup.VersionLoggerListener.log Command line argument: -Dfile.encoding=UTF-8
25-Jul-2025 12:29:40.224 INFO [main] org.apache.catalina.startup.VersionLoggerListener.log Command line argument: -Dsun.stdout.encoding=UTF-8
25-Jul-2025 12:29:40.225 INFO [main] org.apache.catalina.startup.VersionLoggerListener.log Command line argument: -Dsun.stderr.encoding=UTF-8
25-Jul-2025 12:29:40.228 INFO [main] org.apache.catalina.core.AprLifecycleListener.lifecycleEvent Loaded Apache Tomcat Native library [2.0.9] using APR version [1.7.6].
25-Jul-2025 12:29:40.235 INFO [main] org.apache.catalina.core.AprLifecycleListener.initializeSSL OpenSSL successfully initialized [OpenSSL 3.5.0 8 Apr 2025]
25-Jul-2025 12:29:40.611 INFO [main] org.apache.coyote.AbstractProtocol.init Initializing ProtocolHandler ["http-nio-8080"]
25-Jul-2025 12:29:40.627 INFO [main] org.apache.catalina.startup.Catalina.load Server initialization in [635] milliseconds
25-Jul-2025 12:29:40.687 INFO [main] org.apache.catalina.core.StandardService.startInternal Starting service [Catalina]
25-Jul-2025 12:29:40.687 INFO [main] org.apache.catalina.core.StandardEngine.startInternal Starting Servlet engine: [Apache Tomcat/10.1.43]
25-Jul-2025 12:29:40.696 INFO [main] org.apache.catalina.startup.HostConfig.deployDescriptor Deploying deployment descriptor [E:\Backend_java\Leaning_Practice\SpringCorePractice\SpringLearningPractice\SpringMVCSearch\SpringMVCSearch\src\conf\Catalina\localhost\SpringMVCSearch.xml]
25-Jul-2025 12:29:42.547 INFO [main] org.apache.jasper.servlet.TldScanner.scanJars At least one JAR was scanned for TLDs yet contained no TLDs. Enable debug logging for this logger for a complete list of JARs that were scanned but no TLDs were found in them. Skipping unneeded JARs during scanning can improve startup time and JSP compilation time.
25-Jul-2025 12:29:42.798 INFO [main] org.springframework.web.servlet.FrameworkServlet.initServletBean Initializing Servlet 'spring'
25-Jul-2025 12:29:43.773 INFO [main] org.springframework.web.servlet.FrameworkServlet.initServletBean Completed initialization in 973 ms
25-Jul-2025 12:29:43.784 INFO [main] org.apache.catalina.startup.HostConfig.deployDescriptor Deployment of deployment descriptor [E:\Backend_java\Leaning_Practice\SpringCorePractice\SpringLearningPractice\SpringMVCSearch\SpringMVCSearch\src\conf\Catalina\localhost\SpringMVCSearch.xml] has finished in [3,089] ms
25-Jul-2025 12:29:43.788 INFO [main] org.apache.coyote.AbstractProtocol.start Starting ProtocolHandler ["http-nio-8080"]
25-Jul-2025 12:29:43.814 INFO [main] org.apache.catalina.startup.Catalina.start Server startup in [3184] milliseconds
