22-Jul-2025 01:07:47.466 INFO [main] org.apache.catalina.startup.VersionLoggerListener.log Server version name:   Apache Tomcat/10.1.43
22-Jul-2025 01:07:47.471 INFO [main] org.apache.catalina.startup.VersionLoggerListener.log Server built:          Jul 1 2025 21:30:20 UTC
22-Jul-2025 01:07:47.471 INFO [main] org.apache.catalina.startup.VersionLoggerListener.log Server version number: 10.1.43.0
22-Jul-2025 01:07:47.471 INFO [main] org.apache.catalina.startup.VersionLoggerListener.log OS Name:               Windows 11
22-Jul-2025 01:07:47.471 INFO [main] org.apache.catalina.startup.VersionLoggerListener.log OS Version:            10.0
22-Jul-2025 01:07:47.472 INFO [main] org.apache.catalina.startup.VersionLoggerListener.log Architecture:          amd64
22-Jul-2025 01:07:47.472 INFO [main] org.apache.catalina.startup.VersionLoggerListener.log Java Home:             C:\Program Files\Java\jdk-21
22-Jul-2025 01:07:47.472 INFO [main] org.apache.catalina.startup.VersionLoggerListener.log JVM Version:           21.0.6+8-LTS-188
22-Jul-2025 01:07:47.472 INFO [main] org.apache.catalina.startup.VersionLoggerListener.log JVM Vendor:            Oracle Corporation
22-Jul-2025 01:07:47.473 INFO [main] org.apache.catalina.startup.VersionLoggerListener.log CATALINA_BASE:         E:\Backend_java\Leaning_Practice\SpringCorePractice\SpringLearningPractice\SpringMVCSearch\SpringMVCSearch\src
22-Jul-2025 01:07:47.473 INFO [main] org.apache.catalina.startup.VersionLoggerListener.log CATALINA_HOME:         D:\Program Files\apache_tomcat\apache-tomcat-10.1.43
22-Jul-2025 01:07:47.494 INFO [main] org.apache.catalina.startup.VersionLoggerListener.log Command line argument: --add-opens=java.base/java.lang=ALL-UNNAMED
22-Jul-2025 01:07:47.496 INFO [main] org.apache.catalina.startup.VersionLoggerListener.log Command line argument: --add-opens=java.base/java.io=ALL-UNNAMED
22-Jul-2025 01:07:47.496 INFO [main] org.apache.catalina.startup.VersionLoggerListener.log Command line argument: --add-opens=java.base/java.util=ALL-UNNAMED
22-Jul-2025 01:07:47.496 INFO [main] org.apache.catalina.startup.VersionLoggerListener.log Command line argument: --add-opens=java.base/java.util.concurrent=ALL-UNNAMED
22-Jul-2025 01:07:47.496 INFO [main] org.apache.catalina.startup.VersionLoggerListener.log Command line argument: --add-opens=java.rmi/sun.rmi.transport=ALL-UNNAMED
22-Jul-2025 01:07:47.496 INFO [main] org.apache.catalina.startup.VersionLoggerListener.log Command line argument: -Dcatalina.home=D:\Program Files\apache_tomcat\apache-tomcat-10.1.43
22-Jul-2025 01:07:47.497 INFO [main] org.apache.catalina.startup.VersionLoggerListener.log Command line argument: -Dcatalina.base=E:\Backend_java\Leaning_Practice\SpringCorePractice\SpringLearningPractice\SpringMVCSearch\SpringMVCSearch\src
22-Jul-2025 01:07:47.497 INFO [main] org.apache.catalina.startup.VersionLoggerListener.log Command line argument: -Djava.io.tmpdir=E:\Backend_java\Leaning_Practice\SpringCorePractice\SpringLearningPractice\SpringMVCSearch\SpringMVCSearch\src\temp
22-Jul-2025 01:07:47.497 INFO [main] org.apache.catalina.startup.VersionLoggerListener.log Command line argument: -Djava.util.logging.config.file=E:\Backend_java\Leaning_Practice\SpringCorePractice\SpringLearningPractice\SpringMVCSearch\SpringMVCSearch\src\conf\logging.properties
22-Jul-2025 01:07:47.497 INFO [main] org.apache.catalina.startup.VersionLoggerListener.log Command line argument: -Djava.util.logging.manager=org.apache.juli.ClassLoaderLogManager
22-Jul-2025 01:07:47.497 INFO [main] org.apache.catalina.startup.VersionLoggerListener.log Command line argument: -javaagent:C:\Program Files\JetBrains\IntelliJ IDEA Community Edition 2025.1.3\lib\idea_rt.jar=64611
22-Jul-2025 01:07:47.498 INFO [main] org.apache.catalina.startup.VersionLoggerListener.log Command line argument: -Dfile.encoding=UTF-8
22-Jul-2025 01:07:47.498 INFO [main] org.apache.catalina.startup.VersionLoggerListener.log Command line argument: -Dsun.stdout.encoding=UTF-8
22-Jul-2025 01:07:47.498 INFO [main] org.apache.catalina.startup.VersionLoggerListener.log Command line argument: -Dsun.stderr.encoding=UTF-8
22-Jul-2025 01:07:47.503 INFO [main] org.apache.catalina.core.AprLifecycleListener.lifecycleEvent Loaded Apache Tomcat Native library [2.0.9] using APR version [1.7.6].
22-Jul-2025 01:07:47.512 INFO [main] org.apache.catalina.core.AprLifecycleListener.initializeSSL OpenSSL successfully initialized [OpenSSL 3.5.0 8 Apr 2025]
22-Jul-2025 01:07:47.917 INFO [main] org.apache.coyote.AbstractProtocol.init Initializing ProtocolHandler ["http-nio-8080"]
22-Jul-2025 01:07:47.943 INFO [main] org.apache.catalina.startup.Catalina.load Server initialization in [747] milliseconds
22-Jul-2025 01:07:48.020 INFO [main] org.apache.catalina.core.StandardService.startInternal Starting service [Catalina]
22-Jul-2025 01:07:48.020 INFO [main] org.apache.catalina.core.StandardEngine.startInternal Starting Servlet engine: [Apache Tomcat/10.1.43]
22-Jul-2025 01:07:48.038 INFO [main] org.apache.catalina.startup.HostConfig.deployDescriptor Deploying deployment descriptor [E:\Backend_java\Leaning_Practice\SpringCorePractice\SpringLearningPractice\SpringMVCSearch\SpringMVCSearch\src\conf\Catalina\localhost\SpringMVCSearch.xml]
22-Jul-2025 01:07:49.135 INFO [main] org.apache.jasper.servlet.TldScanner.scanJars At least one JAR was scanned for TLDs yet contained no TLDs. Enable debug logging for this logger for a complete list of JARs that were scanned but no TLDs were found in them. Skipping unneeded JARs during scanning can improve startup time and JSP compilation time.
22-Jul-2025 01:07:49.209 INFO [main] org.apache.catalina.startup.HostConfig.deployDescriptor Deployment of deployment descriptor [E:\Backend_java\Leaning_Practice\SpringCorePractice\SpringLearningPractice\SpringMVCSearch\SpringMVCSearch\src\conf\Catalina\localhost\SpringMVCSearch.xml] has finished in [1,171] ms
22-Jul-2025 01:07:49.214 INFO [main] org.apache.coyote.AbstractProtocol.start Starting ProtocolHandler ["http-nio-8080"]
22-Jul-2025 01:07:49.250 INFO [main] org.apache.catalina.startup.Catalina.start Server startup in [1305] milliseconds
22-Jul-2025 01:08:12.429 INFO [Thread-1] org.apache.coyote.AbstractProtocol.pause Pausing ProtocolHandler ["http-nio-8080"]
22-Jul-2025 01:08:12.460 INFO [Thread-1] org.apache.catalina.core.StandardService.stopInternal Stopping service [Catalina]
22-Jul-2025 01:08:12.476 INFO [Thread-1] org.apache.coyote.AbstractProtocol.stop Stopping ProtocolHandler ["http-nio-8080"]
22-Jul-2025 01:08:12.502 INFO [Thread-1] org.apache.coyote.AbstractProtocol.destroy Destroying ProtocolHandler ["http-nio-8080"]
22-Jul-2025 01:08:14.868 INFO [main] org.apache.catalina.startup.VersionLoggerListener.log Server version name:   Apache Tomcat/10.1.43
22-Jul-2025 01:08:14.878 INFO [main] org.apache.catalina.startup.VersionLoggerListener.log Server built:          Jul 1 2025 21:30:20 UTC
22-Jul-2025 01:08:14.879 INFO [main] org.apache.catalina.startup.VersionLoggerListener.log Server version number: 10.1.43.0
22-Jul-2025 01:08:14.879 INFO [main] org.apache.catalina.startup.VersionLoggerListener.log OS Name:               Windows 11
22-Jul-2025 01:08:14.879 INFO [main] org.apache.catalina.startup.VersionLoggerListener.log OS Version:            10.0
22-Jul-2025 01:08:14.879 INFO [main] org.apache.catalina.startup.VersionLoggerListener.log Architecture:          amd64
22-Jul-2025 01:08:14.879 INFO [main] org.apache.catalina.startup.VersionLoggerListener.log Java Home:             C:\Program Files\Java\jdk-21
22-Jul-2025 01:08:14.879 INFO [main] org.apache.catalina.startup.VersionLoggerListener.log JVM Version:           21.0.6+8-LTS-188
22-Jul-2025 01:08:14.880 INFO [main] org.apache.catalina.startup.VersionLoggerListener.log JVM Vendor:            Oracle Corporation
22-Jul-2025 01:08:14.880 INFO [main] org.apache.catalina.startup.VersionLoggerListener.log CATALINA_BASE:         E:\Backend_java\Leaning_Practice\SpringCorePractice\SpringLearningPractice\SpringMVCSearch\SpringMVCSearch\src
22-Jul-2025 01:08:14.880 INFO [main] org.apache.catalina.startup.VersionLoggerListener.log CATALINA_HOME:         D:\Program Files\apache_tomcat\apache-tomcat-10.1.43
22-Jul-2025 01:08:14.896 INFO [main] org.apache.catalina.startup.VersionLoggerListener.log Command line argument: --add-opens=java.base/java.lang=ALL-UNNAMED
22-Jul-2025 01:08:14.896 INFO [main] org.apache.catalina.startup.VersionLoggerListener.log Command line argument: --add-opens=java.base/java.io=ALL-UNNAMED
22-Jul-2025 01:08:14.896 INFO [main] org.apache.catalina.startup.VersionLoggerListener.log Command line argument: --add-opens=java.base/java.util=ALL-UNNAMED
22-Jul-2025 01:08:14.896 INFO [main] org.apache.catalina.startup.VersionLoggerListener.log Command line argument: --add-opens=java.base/java.util.concurrent=ALL-UNNAMED
22-Jul-2025 01:08:14.896 INFO [main] org.apache.catalina.startup.VersionLoggerListener.log Command line argument: --add-opens=java.rmi/sun.rmi.transport=ALL-UNNAMED
22-Jul-2025 01:08:14.897 INFO [main] org.apache.catalina.startup.VersionLoggerListener.log Command line argument: -Dcatalina.home=D:\Program Files\apache_tomcat\apache-tomcat-10.1.43
22-Jul-2025 01:08:14.897 INFO [main] org.apache.catalina.startup.VersionLoggerListener.log Command line argument: -Dcatalina.base=E:\Backend_java\Leaning_Practice\SpringCorePractice\SpringLearningPractice\SpringMVCSearch\SpringMVCSearch\src
22-Jul-2025 01:08:14.897 INFO [main] org.apache.catalina.startup.VersionLoggerListener.log Command line argument: -Djava.io.tmpdir=E:\Backend_java\Leaning_Practice\SpringCorePractice\SpringLearningPractice\SpringMVCSearch\SpringMVCSearch\src\temp
22-Jul-2025 01:08:14.897 INFO [main] org.apache.catalina.startup.VersionLoggerListener.log Command line argument: -Djava.util.logging.config.file=E:\Backend_java\Leaning_Practice\SpringCorePractice\SpringLearningPractice\SpringMVCSearch\SpringMVCSearch\src\conf\logging.properties
22-Jul-2025 01:08:14.897 INFO [main] org.apache.catalina.startup.VersionLoggerListener.log Command line argument: -Djava.util.logging.manager=org.apache.juli.ClassLoaderLogManager
22-Jul-2025 01:08:14.897 INFO [main] org.apache.catalina.startup.VersionLoggerListener.log Command line argument: -javaagent:C:\Program Files\JetBrains\IntelliJ IDEA Community Edition 2025.1.3\lib\idea_rt.jar=64622
22-Jul-2025 01:08:14.897 INFO [main] org.apache.catalina.startup.VersionLoggerListener.log Command line argument: -Dfile.encoding=UTF-8
22-Jul-2025 01:08:14.898 INFO [main] org.apache.catalina.startup.VersionLoggerListener.log Command line argument: -Dsun.stdout.encoding=UTF-8
22-Jul-2025 01:08:14.898 INFO [main] org.apache.catalina.startup.VersionLoggerListener.log Command line argument: -Dsun.stderr.encoding=UTF-8
22-Jul-2025 01:08:14.901 INFO [main] org.apache.catalina.core.AprLifecycleListener.lifecycleEvent Loaded Apache Tomcat Native library [2.0.9] using APR version [1.7.6].
22-Jul-2025 01:08:14.907 INFO [main] org.apache.catalina.core.AprLifecycleListener.initializeSSL OpenSSL successfully initialized [OpenSSL 3.5.0 8 Apr 2025]
22-Jul-2025 01:08:15.328 INFO [main] org.apache.coyote.AbstractProtocol.init Initializing ProtocolHandler ["http-nio-8080"]
22-Jul-2025 01:08:15.349 INFO [main] org.apache.catalina.startup.Catalina.load Server initialization in [774] milliseconds
22-Jul-2025 01:08:15.439 INFO [main] org.apache.catalina.core.StandardService.startInternal Starting service [Catalina]
22-Jul-2025 01:08:15.439 INFO [main] org.apache.catalina.core.StandardEngine.startInternal Starting Servlet engine: [Apache Tomcat/10.1.43]
22-Jul-2025 01:08:15.458 INFO [main] org.apache.catalina.startup.HostConfig.deployDescriptor Deploying deployment descriptor [E:\Backend_java\Leaning_Practice\SpringCorePractice\SpringLearningPractice\SpringMVCSearch\SpringMVCSearch\src\conf\Catalina\localhost\SpringMVCSearch.xml]
22-Jul-2025 01:08:17.600 INFO [main] org.apache.jasper.servlet.TldScanner.scanJars At least one JAR was scanned for TLDs yet contained no TLDs. Enable debug logging for this logger for a complete list of JARs that were scanned but no TLDs were found in them. Skipping unneeded JARs during scanning can improve startup time and JSP compilation time.
22-Jul-2025 01:08:17.699 INFO [main] org.apache.catalina.startup.HostConfig.deployDescriptor Deployment of deployment descriptor [E:\Backend_java\Leaning_Practice\SpringCorePractice\SpringLearningPractice\SpringMVCSearch\SpringMVCSearch\src\conf\Catalina\localhost\SpringMVCSearch.xml] has finished in [2,240] ms
22-Jul-2025 01:08:17.703 INFO [main] org.apache.coyote.AbstractProtocol.start Starting ProtocolHandler ["http-nio-8080"]
22-Jul-2025 01:08:17.731 INFO [main] org.apache.catalina.startup.Catalina.start Server startup in [2379] milliseconds
22-Jul-2025 01:08:21.784 INFO [http-nio-8080-exec-1] org.springframework.web.servlet.FrameworkServlet.initServletBean Initializing Servlet 'spring'
22-Jul-2025 01:08:22.945 INFO [http-nio-8080-exec-1] org.springframework.web.servlet.FrameworkServlet.initServletBean Completed initialization in 1159 ms
22-Jul-2025 01:09:32.549 INFO [Thread-1] org.apache.coyote.AbstractProtocol.pause Pausing ProtocolHandler ["http-nio-8080"]
22-Jul-2025 01:09:32.562 INFO [Thread-1] org.apache.catalina.core.StandardService.stopInternal Stopping service [Catalina]
22-Jul-2025 01:09:32.576 INFO [Thread-1] org.apache.coyote.AbstractProtocol.stop Stopping ProtocolHandler ["http-nio-8080"]
22-Jul-2025 01:09:32.603 INFO [Thread-1] org.apache.coyote.AbstractProtocol.destroy Destroying ProtocolHandler ["http-nio-8080"]
22-Jul-2025 01:10:58.845 INFO [main] org.apache.catalina.startup.VersionLoggerListener.log Server version name:   Apache Tomcat/10.1.43
22-Jul-2025 01:10:58.851 INFO [main] org.apache.catalina.startup.VersionLoggerListener.log Server built:          Jul 1 2025 21:30:20 UTC
22-Jul-2025 01:10:58.851 INFO [main] org.apache.catalina.startup.VersionLoggerListener.log Server version number: 10.1.43.0
22-Jul-2025 01:10:58.852 INFO [main] org.apache.catalina.startup.VersionLoggerListener.log OS Name:               Windows 11
22-Jul-2025 01:10:58.852 INFO [main] org.apache.catalina.startup.VersionLoggerListener.log OS Version:            10.0
22-Jul-2025 01:10:58.853 INFO [main] org.apache.catalina.startup.VersionLoggerListener.log Architecture:          amd64
22-Jul-2025 01:10:58.853 INFO [main] org.apache.catalina.startup.VersionLoggerListener.log Java Home:             C:\Program Files\Java\jdk-21
22-Jul-2025 01:10:58.853 INFO [main] org.apache.catalina.startup.VersionLoggerListener.log JVM Version:           21.0.6+8-LTS-188
22-Jul-2025 01:10:58.854 INFO [main] org.apache.catalina.startup.VersionLoggerListener.log JVM Vendor:            Oracle Corporation
22-Jul-2025 01:10:58.854 INFO [main] org.apache.catalina.startup.VersionLoggerListener.log CATALINA_BASE:         E:\Backend_java\Leaning_Practice\SpringCorePractice\SpringLearningPractice\SpringMVCSearch\SpringMVCSearch\src
22-Jul-2025 01:10:58.855 INFO [main] org.apache.catalina.startup.VersionLoggerListener.log CATALINA_HOME:         D:\Program Files\apache_tomcat\apache-tomcat-10.1.43
22-Jul-2025 01:10:58.868 INFO [main] org.apache.catalina.startup.VersionLoggerListener.log Command line argument: --add-opens=java.base/java.lang=ALL-UNNAMED
22-Jul-2025 01:10:58.869 INFO [main] org.apache.catalina.startup.VersionLoggerListener.log Command line argument: --add-opens=java.base/java.io=ALL-UNNAMED
22-Jul-2025 01:10:58.869 INFO [main] org.apache.catalina.startup.VersionLoggerListener.log Command line argument: --add-opens=java.base/java.util=ALL-UNNAMED
22-Jul-2025 01:10:58.869 INFO [main] org.apache.catalina.startup.VersionLoggerListener.log Command line argument: --add-opens=java.base/java.util.concurrent=ALL-UNNAMED
22-Jul-2025 01:10:58.870 INFO [main] org.apache.catalina.startup.VersionLoggerListener.log Command line argument: --add-opens=java.rmi/sun.rmi.transport=ALL-UNNAMED
22-Jul-2025 01:10:58.870 INFO [main] org.apache.catalina.startup.VersionLoggerListener.log Command line argument: -Dcatalina.home=D:\Program Files\apache_tomcat\apache-tomcat-10.1.43
22-Jul-2025 01:10:58.870 INFO [main] org.apache.catalina.startup.VersionLoggerListener.log Command line argument: -Dcatalina.base=E:\Backend_java\Leaning_Practice\SpringCorePractice\SpringLearningPractice\SpringMVCSearch\SpringMVCSearch\src
22-Jul-2025 01:10:58.870 INFO [main] org.apache.catalina.startup.VersionLoggerListener.log Command line argument: -Djava.io.tmpdir=E:\Backend_java\Leaning_Practice\SpringCorePractice\SpringLearningPractice\SpringMVCSearch\SpringMVCSearch\src\temp
22-Jul-2025 01:10:58.870 INFO [main] org.apache.catalina.startup.VersionLoggerListener.log Command line argument: -Djava.util.logging.config.file=E:\Backend_java\Leaning_Practice\SpringCorePractice\SpringLearningPractice\SpringMVCSearch\SpringMVCSearch\src\conf\logging.properties
22-Jul-2025 01:10:58.870 INFO [main] org.apache.catalina.startup.VersionLoggerListener.log Command line argument: -Djava.util.logging.manager=org.apache.juli.ClassLoaderLogManager
22-Jul-2025 01:10:58.871 INFO [main] org.apache.catalina.startup.VersionLoggerListener.log Command line argument: -javaagent:C:\Program Files\JetBrains\IntelliJ IDEA Community Edition 2025.1.3\lib\idea_rt.jar=64770
22-Jul-2025 01:10:58.871 INFO [main] org.apache.catalina.startup.VersionLoggerListener.log Command line argument: -Dfile.encoding=UTF-8
22-Jul-2025 01:10:58.871 INFO [main] org.apache.catalina.startup.VersionLoggerListener.log Command line argument: -Dsun.stdout.encoding=UTF-8
22-Jul-2025 01:10:58.871 INFO [main] org.apache.catalina.startup.VersionLoggerListener.log Command line argument: -Dsun.stderr.encoding=UTF-8
22-Jul-2025 01:10:58.874 INFO [main] org.apache.catalina.core.AprLifecycleListener.lifecycleEvent Loaded Apache Tomcat Native library [2.0.9] using APR version [1.7.6].
22-Jul-2025 01:10:58.879 INFO [main] org.apache.catalina.core.AprLifecycleListener.initializeSSL OpenSSL successfully initialized [OpenSSL 3.5.0 8 Apr 2025]
22-Jul-2025 01:10:59.289 INFO [main] org.apache.coyote.AbstractProtocol.init Initializing ProtocolHandler ["http-nio-8080"]
22-Jul-2025 01:10:59.309 INFO [main] org.apache.catalina.startup.Catalina.load Server initialization in [739] milliseconds
22-Jul-2025 01:10:59.382 INFO [main] org.apache.catalina.core.StandardService.startInternal Starting service [Catalina]
22-Jul-2025 01:10:59.382 INFO [main] org.apache.catalina.core.StandardEngine.startInternal Starting Servlet engine: [Apache Tomcat/10.1.43]
22-Jul-2025 01:10:59.394 INFO [main] org.apache.catalina.startup.HostConfig.deployDescriptor Deploying deployment descriptor [E:\Backend_java\Leaning_Practice\SpringCorePractice\SpringLearningPractice\SpringMVCSearch\SpringMVCSearch\src\conf\Catalina\localhost\SpringMVCSearch.xml]
22-Jul-2025 01:11:01.317 INFO [main] org.apache.jasper.servlet.TldScanner.scanJars At least one JAR was scanned for TLDs yet contained no TLDs. Enable debug logging for this logger for a complete list of JARs that were scanned but no TLDs were found in them. Skipping unneeded JARs during scanning can improve startup time and JSP compilation time.
22-Jul-2025 01:11:01.401 INFO [main] org.apache.catalina.startup.HostConfig.deployDescriptor Deployment of deployment descriptor [E:\Backend_java\Leaning_Practice\SpringCorePractice\SpringLearningPractice\SpringMVCSearch\SpringMVCSearch\src\conf\Catalina\localhost\SpringMVCSearch.xml] has finished in [2,006] ms
22-Jul-2025 01:11:01.404 INFO [main] org.apache.coyote.AbstractProtocol.start Starting ProtocolHandler ["http-nio-8080"]
22-Jul-2025 01:11:01.430 INFO [main] org.apache.catalina.startup.Catalina.start Server startup in [2119] milliseconds
22-Jul-2025 01:11:05.174 INFO [http-nio-8080-exec-10] org.springframework.web.servlet.FrameworkServlet.initServletBean Initializing Servlet 'spring'
22-Jul-2025 01:11:06.063 INFO [http-nio-8080-exec-10] org.springframework.web.servlet.FrameworkServlet.initServletBean Completed initialization in 888 ms
22-Jul-2025 01:30:52.725 INFO [Thread-1] org.apache.coyote.AbstractProtocol.pause Pausing ProtocolHandler ["http-nio-8080"]
22-Jul-2025 01:30:52.745 INFO [Thread-1] org.apache.catalina.core.StandardService.stopInternal Stopping service [Catalina]
22-Jul-2025 01:30:52.763 INFO [Thread-1] org.apache.coyote.AbstractProtocol.stop Stopping ProtocolHandler ["http-nio-8080"]
22-Jul-2025 01:30:52.783 INFO [Thread-1] org.apache.coyote.AbstractProtocol.destroy Destroying ProtocolHandler ["http-nio-8080"]
